c:\users\19164\desktop\win32小项目 - copy\win32小项目\debug\win32小项目.pch
c:\users\19164\desktop\win32小项目 - copy\win32小项目\debug\vc140.pdb
c:\users\19164\desktop\win32小项目 - copy\win32小项目\debug\vc140.idb
c:\users\19164\desktop\win32小项目 - copy\win32小项目\debug\stdafx.obj
c:\users\19164\desktop\win32小项目 - copy\win32小项目\debug\manage.obj
c:\users\19164\desktop\win32小项目 - copy\win32小项目\debug\mything.obj
c:\users\19164\desktop\win32小项目 - copy\win32小项目\debug\win32小项目.obj
c:\users\19164\desktop\win32小项目 - copy\debug\win32小项目.ilk
c:\users\19164\desktop\win32小项目 - copy\debug\win32小项目.exe
c:\users\19164\desktop\win32小项目 - copy\debug\win32小项目.pdb
c:\users\19164\desktop\win32小项目 - copy\win32小项目\debug\win32小项目.res
c:\users\19164\desktop\win32小项目 - copy\win32小项目\debug\win32小项目.tlog\cl.command.1.tlog
c:\users\19164\desktop\win32小项目 - copy\win32小项目\debug\win32小项目.tlog\cl.read.1.tlog
c:\users\19164\desktop\win32小项目 - copy\win32小项目\debug\win32小项目.tlog\cl.write.1.tlog
c:\users\19164\desktop\win32小项目 - copy\win32小项目\debug\win32小项目.tlog\link.command.1.tlog
c:\users\19164\desktop\win32小项目 - copy\win32小项目\debug\win32小项目.tlog\link.read.1.tlog
c:\users\19164\desktop\win32小项目 - copy\win32小项目\debug\win32小项目.tlog\link.write.1.tlog
c:\users\19164\desktop\win32小项目 - copy\win32小项目\debug\win32小项目.tlog\rc.command.1.tlog
c:\users\19164\desktop\win32小项目 - copy\win32小项目\debug\win32小项目.tlog\rc.read.1.tlog
c:\users\19164\desktop\win32小项目 - copy\win32小项目\debug\win32小项目.tlog\rc.write.1.tlog
